Wed Apr 23 19:40:58 UTC 2025
Thu Apr 24 13:35:56 UTC 2025
Fri Apr 25 13:18:36 UTC 2025
Sat Apr 26 13:03:30 UTC 2025
Sun Apr 27 13:04:02 UTC 2025
Mon Apr 28 13:49:49 UTC 2025
Tue Apr 29 13:43:46 UTC 2025
Wed Apr 30 13:18:56 UTC 2025
Thu May  1 13:17:13 UTC 2025
Fri May  2 13:18:18 UTC 2025
Sat May  3 13:04:53 UTC 2025
Sun May  4 13:05:56 UTC 2025
Mon May  5 13:35:25 UTC 2025
Tue May  6 13:38:33 UTC 2025
Wed May  7 13:40:45 UTC 2025
Thu May  8 13:34:49 UTC 2025
Fri May  9 13:20:19 UTC 2025
Sat May 10 13:05:00 UTC 2025
Sun May 11 13:05:27 UTC 2025
Mon May 12 13:39:59 UTC 2025
Tue May 13 13:41:59 UTC 2025
Wed May 14 13:37:28 UTC 2025
Thu May 15 13:36:42 UTC 2025
Fri May 16 13:36:22 UTC 2025
Sat May 17 13:05:41 UTC 2025
Sun May 18 13:14:13 UTC 2025
Mon May 19 13:39:51 UTC 2025
Tue May 20 13:40:42 UTC 2025
Wed May 21 13:38:22 UTC 2025
Thu May 22 13:38:28 UTC 2025
Fri May 23 13:35:40 UTC 2025
Sat May 24 13:16:33 UTC 2025
Sun May 25 12:15:05 UTC 2025
Mon May 26 12:17:01 UTC 2025
Tue May 27 12:18:02 UTC 2025
Wed May 28 12:17:49 UTC 2025
Thu May 29 12:17:30 UTC 2025
Fri May 30 12:17:23 UTC 2025
Sat May 31 12:15:09 UTC 2025
Sun Jun  1 12:15:55 UTC 2025
Mon Jun  2 12:17:52 UTC 2025
Tue Jun  3 12:18:03 UTC 2025
Wed Jun  4 12:18:05 UTC 2025
Thu Jun  5 12:18:21 UTC 2025
Fri Jun  6 12:17:33 UTC 2025
Sat Jun  7 12:15:17 UTC 2025
Sun Jun  8 12:15:24 UTC 2025
Mon Jun  9 12:17:52 UTC 2025
Tue Jun 10 12:18:39 UTC 2025
Wed Jun 11 12:18:26 UTC 2025
Thu Jun 12 12:17:46 UTC 2025
Fri Jun 13 12:17:59 UTC 2025
Sat Jun 14 12:15:30 UTC 2025
Sun Jun 15 12:16:01 UTC 2025
Mon Jun 16 12:18:34 UTC 2025
Tue Jun 17 12:18:48 UTC 2025
Wed Jun 18 12:18:27 UTC 2025
Thu Jun 19 12:18:24 UTC 2025
Fri Jun 20 12:17:53 UTC 2025
Sat Jun 21 12:15:18 UTC 2025
Sun Jun 22 12:15:48 UTC 2025
Mon Jun 23 12:18:59 UTC 2025
Tue Jun 24 12:18:28 UTC 2025
Wed Jun 25 12:18:30 UTC 2025
Thu Jun 26 12:18:02 UTC 2025
Fri Jun 27 12:17:43 UTC 2025
Sat Jun 28 12:15:46 UTC 2025
Sun Jun 29 12:16:04 UTC 2025
Mon Jun 30 12:18:08 UTC 2025
Tue Jul  1 12:18:35 UTC 2025
Wed Jul  2 12:18:03 UTC 2025
Thu Jul  3 12:18:18 UTC 2025
Fri Jul  4 12:18:06 UTC 2025
Sat Jul  5 12:15:58 UTC 2025
Sun Jul  6 12:16:00 UTC 2025
Mon Jul  7 12:18:11 UTC 2025
Tue Jul  8 12:18:49 UTC 2025
Wed Jul  9 12:18:34 UTC 2025
Thu Jul 10 12:18:35 UTC 2025
Fri Jul 11 12:17:57 UTC 2025
Sat Jul 12 12:16:06 UTC 2025
Sun Jul 13 12:16:50 UTC 2025
Mon Jul 14 12:18:55 UTC 2025
Tue Jul 15 12:19:21 UTC 2025
Wed Jul 16 12:19:16 UTC 2025
Thu Jul 17 12:19:02 UTC 2025
Fri Jul 18 12:19:15 UTC 2025
Sat Jul 19 12:16:31 UTC 2025
Sun Jul 20 12:17:01 UTC 2025
Mon Jul 21 12:19:52 UTC 2025
Tue Jul 22 12:19:15 UTC 2025
Wed Jul 23 12:19:22 UTC 2025
Thu Jul 24 12:19:34 UTC 2025
Fri Jul 25 12:18:46 UTC 2025
Sat Jul 26 12:16:41 UTC 2025
Sun Jul 27 12:17:34 UTC 2025
Mon Jul 28 12:19:44 UTC 2025
Tue Jul 29 12:20:06 UTC 2025
Wed Jul 30 12:20:05 UTC 2025
Thu Jul 31 12:17:57 UTC 2025
Fri Aug  1 12:19:18 UTC 2025
Sat Aug  2 12:17:00 UTC 2025
Sun Aug  3 12:17:28 UTC 2025
Mon Aug  4 12:20:17 UTC 2025
Tue Aug  5 12:20:33 UTC 2025
Wed Aug  6 12:20:49 UTC 2025
Thu Aug  7 12:20:19 UTC 2025
Fri Aug  8 12:19:43 UTC 2025
Sat Aug  9 12:16:49 UTC 2025
Sun Aug 10 12:17:10 UTC 2025
Mon Aug 11 12:19:34 UTC 2025
Tue Aug 12 12:18:29 UTC 2025
Wed Aug 13 12:18:47 UTC 2025
Thu Aug 14 12:19:16 UTC 2025
Fri Aug 15 12:17:51 UTC 2025
Sat Aug 16 12:16:05 UTC 2025
Sun Aug 17 12:16:46 UTC 2025
Mon Aug 18 12:19:09 UTC 2025
Tue Aug 19 12:18:02 UTC 2025
Wed Aug 20 12:17:38 UTC 2025
Thu Aug 21 12:17:48 UTC 2025
Fri Aug 22 12:17:12 UTC 2025
Sat Aug 23 12:15:14 UTC 2025
Sun Aug 24 12:15:36 UTC 2025
Mon Aug 25 12:17:59 UTC 2025
Tue Aug 26 12:18:43 UTC 2025
Wed Aug 27 12:17:14 UTC 2025
Thu Aug 28 12:17:31 UTC 2025
Fri Aug 29 12:17:01 UTC 2025
Sat Aug 30 12:14:58 UTC 2025
Sun Aug 31 12:15:24 UTC 2025
Mon Sep  1 12:18:07 UTC 2025
Tue Sep  2 12:17:48 UTC 2025
Wed Sep  3 12:17:11 UTC 2025
Thu Sep  4 12:17:07 UTC 2025
Fri Sep  5 12:16:25 UTC 2025
Sat Sep  6 12:14:15 UTC 2025
Sun Sep  7 12:14:59 UTC 2025
Mon Sep  8 12:18:33 UTC 2025
Tue Sep  9 12:18:47 UTC 2025
Wed Sep 10 12:16:54 UTC 2025
Thu Sep 11 12:16:43 UTC 2025
Fri Sep 12 12:17:02 UTC 2025
Sat Sep 13 12:14:30 UTC 2025
Sun Sep 14 12:14:34 UTC 2025
Mon Sep 15 12:17:31 UTC 2025
Tue Sep 16 12:17:21 UTC 2025
Wed Sep 17 12:17:21 UTC 2025
Thu Sep 18 12:16:48 UTC 2025
Fri Sep 19 12:17:25 UTC 2025
Sat Sep 20 12:15:16 UTC 2025
Sun Sep 21 12:15:11 UTC 2025
Mon Sep 22 12:18:10 UTC 2025
Tue Sep 23 12:17:21 UTC 2025
Wed Sep 24 12:17:51 UTC 2025
Thu Sep 25 12:18:03 UTC 2025
Fri Sep 26 12:17:12 UTC 2025
Sat Sep 27 12:14:45 UTC 2025
Sun Sep 28 12:15:03 UTC 2025
Mon Sep 29 12:18:22 UTC 2025
Tue Sep 30 12:18:08 UTC 2025
Wed Oct  1 12:18:26 UTC 2025
Thu Oct  2 12:16:31 UTC 2025
Fri Oct  3 12:16:38 UTC 2025
Sat Oct  4 12:14:37 UTC 2025
Sun Oct  5 12:15:06 UTC 2025
Mon Oct  6 12:17:57 UTC 2025
Tue Oct  7 12:18:18 UTC 2025
Wed Oct  8 12:18:32 UTC 2025
Thu Oct  9 12:17:38 UTC 2025
Fri Oct 10 12:18:24 UTC 2025
Sat Oct 11 12:14:45 UTC 2025
Sun Oct 12 12:15:31 UTC 2025
Mon Oct 13 12:18:10 UTC 2025
Tue Oct 14 12:18:52 UTC 2025
Wed Oct 15 12:19:19 UTC 2025
Thu Oct 16 12:18:25 UTC 2025
Fri Oct 17 12:17:51 UTC 2025
Sat Oct 18 12:15:15 UTC 2025
Sun Oct 19 12:15:36 UTC 2025
Mon Oct 20 12:18:14 UTC 2025
Tue Oct 21 12:18:35 UTC 2025
Wed Oct 22 12:18:41 UTC 2025
